10:19:40.432 I UI: 찬양 Macro V1.0.0 FileInfo: main:46
10:19:40.517 D UI: configure.path [C:\dogfooter\dogfooter_v4c\lyb.cfg] FileInfo: main:88
10:19:40.522 D UI: size: 200 200 FileInfo: main:125
10:19:40.937 C UI: Successfully initialized FileInfo: likeyoubot_gui:2623
10:19:42.251 D 워커쓰레드: [1969242, 15012076] FileInfo: likeyoubot_worker:127
10:19:42.251 D 워커쓰레드: {1969242: 35916264, 15012076: 34475714} FileInfo: likeyoubot_worker:128
10:19:42.251 W 워커쓰레드: ldplayer (0, 0) V4-1 FileInfo: likeyoubot_worker:643
10:19:42.251 W 워커쓰레드: ldplayer (0, 0) V4-2 FileInfo: likeyoubot_worker:643
10:19:42.251 D 워커쓰레드: search window handle list: ['V4-1', 'V4-2'] FileInfo: likeyoubot_worker:133
10:19:42.449 C UI: V4-1 검색됨 FileInfo: likeyoubot_gui:3036
10:19:42.449 C UI: V4-2 검색됨 FileInfo: likeyoubot_gui:3036
10:19:42.870 D UI: [MoveStatus] callback_select_wlist_stringvar: V4-1 FileInfo: likeyoubot_gui:4836
10:19:42.870 D UI: {} FileInfo: likeyoubot_gui:4837
10:19:42.870 D UI: [MoveStatus] callback_select_wlist_stringvar: V4-1 FileInfo: likeyoubot_gui:4836
10:19:42.870 D UI: {} FileInfo: likeyoubot_gui:4837
10:19:42.872 D UI: wlist work: 없음 game work:  FileInfo: likeyoubot_gui:4432
10:19:42.872 D UI: [MoveStatus] callback_select_wlist_stringvar: V4-1 FileInfo: likeyoubot_gui:4836
10:19:42.872 D UI: {'V4-1': True} FileInfo: likeyoubot_gui:4837
10:19:42.873 D UI: [MoveStatus] {'V4-1': False} FileInfo: likeyoubot_gui:4849
10:19:42.874 D UI: [MoveStatus] callback_select_wlist_stringvar: V4-2 FileInfo: likeyoubot_gui:4836
10:19:42.874 D UI: {'V4-1': False} FileInfo: likeyoubot_gui:4837
10:19:42.874 D UI: [MoveStatus] callback_select_wlist_stringvar: V4-2 FileInfo: likeyoubot_gui:4836
10:19:42.874 D UI: {'V4-1': False} FileInfo: likeyoubot_gui:4837
10:19:42.876 D UI: wlist work: 없음 game work:  FileInfo: likeyoubot_gui:4432
10:19:42.876 D UI: [MoveStatus] callback_select_wlist_stringvar: V4-2 FileInfo: likeyoubot_gui:4836
10:19:42.876 D UI: {'V4-1': False, 'V4-2': True} FileInfo: likeyoubot_gui:4837
10:19:42.876 D UI: [MoveStatus] {'V4-1': False, 'V4-2': False} FileInfo: likeyoubot_gui:4849
